  Building Custom Rule C:/Users/Paolo/Documents/tres_bundle_VS2015/tres_bundle-issue_2_fe/adapters/rtsim/src/CMakeLists.txt
  CMake does not need to re-run because C:\Users\Paolo\Documents\tres_bundle_VS2015\tres_bundle-issue_2_fe\build\adapters\rtsim\src\CMakeFiles\generate.stamp is up-to-date.
  KernelRtSim.cpp
C:\Users\Paolo\Documents\tres_bundle_VS2015\tres_bundle-issue_2_fe\3rdparty\rtsim\metasim\src\tick.hpp(160): warning C4244: 'return': conversione da 'const MetaSim::Tick::impl_t' a 'long'. Possibile perdita di dati.
C:\Users\Paolo\Documents\tres_bundle_VS2015\tres_bundle-issue_2_fe\3rdparty\rtsim\metasim\src\basestat.hpp(431): warning C4244: 'return': conversione da 'double' a 'int'. Possibile perdita di dati.
C:\Users\Paolo\Documents\tres_bundle_VS2015\tres_bundle-issue_2_fe\3rdparty\rtsim\rtlib\src\scheduler.hpp(234): warning C4267: 'return': conversione da 'size_t' a 'int'. Possibile perdita di dati.
C:\Users\Paolo\Documents\tres_bundle_VS2015\tres_bundle-issue_2_fe\adapters\rtsim\src\KernelRtSim.cpp(169): warning C4267: '=': conversione da 'size_t' a 'int'. Possibile perdita di dati.
C:\Users\Paolo\Documents\tres_bundle_VS2015\tres_bundle-issue_2_fe\adapters\rtsim\src\KernelRtSim.cpp(176): warning C4267: '=': conversione da 'size_t' a 'int'. Possibile perdita di dati.
C:\Users\Paolo\Documents\tres_bundle_VS2015\tres_bundle-issue_2_fe\adapters\rtsim\src\KernelRtSim.cpp(438): warning C4267: 'inizializzazione': conversione da 'size_t' a 'int'. Possibile perdita di dati.
  SimTaskRtSim.cpp
C:\Users\Paolo\Documents\tres_bundle_VS2015\tres_bundle-issue_2_fe\3rdparty\rtsim\metasim\src\tick.hpp(160): warning C4244: 'return': conversione da 'const MetaSim::Tick::impl_t' a 'long'. Possibile perdita di dati.
C:\Users\Paolo\Documents\tres_bundle_VS2015\tres_bundle-issue_2_fe\3rdparty\rtsim\metasim\src\basestat.hpp(431): warning C4244: 'return': conversione da 'double' a 'int'. Possibile perdita di dati.
  EventRtSim.cpp
C:\Users\Paolo\Documents\tres_bundle_VS2015\tres_bundle-issue_2_fe\3rdparty\rtsim\metasim\src\tick.hpp(160): warning C4244: 'return': conversione da 'const MetaSim::Tick::impl_t' a 'long'. Possibile perdita di dati.
C:\Users\Paolo\Documents\tres_bundle_VS2015\tres_bundle-issue_2_fe\3rdparty\rtsim\metasim\src\basestat.hpp(431): warning C4244: 'return': conversione da 'double' a 'int'. Possibile perdita di dati.
  ActiveSimulationManagerRtSim.cpp
  regsched.cpp
C:\Users\Paolo\Documents\tres_bundle_VS2015\tres_bundle-issue_2_fe\3rdparty\rtsim\metasim\src\tick.hpp(160): warning C4244: 'return': conversione da 'const MetaSim::Tick::impl_t' a 'long'. Possibile perdita di dati.
C:\Users\Paolo\Documents\tres_bundle_VS2015\tres_bundle-issue_2_fe\3rdparty\rtsim\metasim\src\basestat.hpp(431): warning C4244: 'return': conversione da 'double' a 'int'. Possibile perdita di dati.
C:\Users\Paolo\Documents\tres_bundle_VS2015\tres_bundle-issue_2_fe\3rdparty\rtsim\rtlib\src\scheduler.hpp(234): warning C4267: 'return': conversione da 'size_t' a 'int'. Possibile perdita di dati.
  regtask.cpp
C:\Users\Paolo\Documents\tres_bundle_VS2015\tres_bundle-issue_2_fe\3rdparty\rtsim\metasim\src\tick.hpp(160): warning C4244: 'return': conversione da 'const MetaSim::Tick::impl_t' a 'long'. Possibile perdita di dati.
C:\Users\Paolo\Documents\tres_bundle_VS2015\tres_bundle-issue_2_fe\3rdparty\rtsim\metasim\src\basestat.hpp(431): warning C4244: 'return': conversione da 'double' a 'int'. Possibile perdita di dati.
  Generazione del codice in corso...
  tres_rtsim.vcxproj -> C:\Users\Paolo\Documents\tres_bundle_VS2015\tres_bundle-issue_2_fe\build\adapters\rtsim\src\Release\tres_rtsim.lib
